
> swiftdrop@0.1.0 build
> next build

Γû▓ Next.js 16.1.6 (Turbopack)
- Environments: .env.local

node.exe : ΓÜá The "middleware" file convention is deprecated. Please use "proxy" 
instead. Learn more: https://nextjs.org/docs/messages/middleware-to-proxy
Au caractère Ligne:1 : 1
+ & "C:\Program Files\nodejs/node.exe" "C:\Program Files\nodejs/node_mo ...
+ ~~~~~~~~~~~~~~~~~~~~~~~~~~~~~~~~~~~~~~~~~~~~~~~~~~~~~~~~~~~~~~~~~~~~~
    + CategoryInfo          : NotSpecified: (ΓÜá The "middle...leware-to-proxy:Stri    
ng) [], RemoteException
    + FullyQualifiedErrorId : NativeCommandError
 
  Creating an optimized production build ...
Γ£ô Compiled successfully in 2.6s
  Running TypeScript ...
Failed to compile.

.next/dev/types/validator.ts:80:39
Type error: Cannot find module '../../../src/app/(settings)/profile/page.js' or its 
corresponding type declarations.

[0m [90m 78 |[39m {
 [90m 79 |[39m   type __IsExpected[33m<[39m[33mSpecific[39m [36mextends[39m 
[33mAppPageConfig[39m[33m<[39m[32m"/profile"[39m[33m>>[39m [33m=[39m 
[33mSpecific[39m
[31m[1m>[22m[39m[90m 80 |[39m   [36mconst[39m handler [33m=[39m {} 
[36mas[39m [36mtypeof[39m 
[36mimport[39m([32m"../../../src/app/(settings)/profile/page.js"[39m)
 [90m    |[39m                                       [31m[1m^[22m[39m
 [90m 81 |[39m   type __Check [33m=[39m __IsExpected[33m<[39m[36mtypeof[39m 
handler[33m>[39m
 [90m 82 |[39m   [90m// @ts-ignore[39m
 [90m 83 |[39m   type __Unused [33m=[39m __Check[0m
Next.js build worker exited with code: 1 and signal: null
